#
# There is insufficient memory for the Java Runtime Environment to continue.
# Native memory allocation (malloc) failed to allocate 1535088 bytes for Chunk::new
# Possible reasons:
#   The system is out of physical RAM or swap space
#   The process is running with CompressedOops enabled, and the Java Heap may be blocking the growth of the native heap
# Possible solutions:
#   Reduce memory load on the system
#   Increase physical memory or swap space
#   Check if swap backing store is full
#   Decrease Java heap size (-Xmx/-Xms)
#   Decrease number of Java threads
#   Decrease Java thread stack sizes (-Xss)
#   Set larger code cache with -XX:ReservedCodeCacheSize=
#   JVM is running with Unscaled Compressed Oops mode in which the Java heap is
#     placed in the first 4GB address space. The Java Heap base address is the
#     maximum limit for the native heap growth. Please use -XX:HeapBaseMinAddress
#     to set the Java Heap base and to place the Java Heap above 4GB virtual address.
# This output file may be truncated or incomplete.
#
#  Out of Memory Error (allocation.cpp:389), pid=7216, tid=0x0000000000005314
#
# JRE version: OpenJDK Runtime Environment (8.0_202-b03) (build 1.8.0_202-release-1483-b03)
# Java VM: OpenJDK 64-Bit Server VM (25.202-b03 mixed mode windows-amd64 compressed oops)
# Failed to write core dump. Minidumps are not enabled by default on client versions of Windows
#

---------------  T H R E A D  ---------------

Current thread (0x0000000019a8a000):  JavaThread "C2 CompilerThread2" daemon [_thread_in_native, id=21268, stack(0x000000001a480000,0x000000001a580000)]

Stack: [0x000000001a480000,0x000000001a580000]
[error occurred during error reporting (printing stack bounds), id 0xc0000005]

Native frames: (J=compiled Java code, j=interpreted, Vv=VM code, C=native code)


Current CompileTask:
C2:   8545 2424       4       groovy.lang.MetaClassImpl$1MOPIter::methodNameAction (325 bytes)


---------------  P R O C E S S  ---------------

Java Threads: ( => current thread )
  0x000000001f21d000 JavaThread "Cache worker for execution history cache (C:\Users\leeyo\.gradle\caches\5.4.1\executionHistory)" [_thread_blocked, id=17960, stack(0x0000000021c10000,0x0000000021d10000)]
  0x000000001bb9d000 JavaThread "Cache worker for cache directory md-rule (C:\Users\leeyo\.gradle\caches\5.4.1\md-rule)" [_thread_blocked, id=2988, stack(0x0000000021b10000,0x0000000021c10000)]
  0x000000001bb99000 JavaThread "Cache worker for cache directory md-supplier (C:\Users\leeyo\.gradle\caches\5.4.1\md-supplier)" [_thread_blocked, id=6300, stack(0x0000000022750000,0x0000000022850000)]
  0x000000001bb97000 JavaThread "Cache worker for file hash cache (C:\MakerThon\Make_A_Thon\.gradle\5.4.1\fileHashes)" [_thread_blocked, id=12272, stack(0x000000001f3d0000,0x000000001f4d0000)]
  0x000000001bb9a000 JavaThread "Cache worker for journal cache (C:\Users\leeyo\.gradle\caches\journal-1)" [_thread_blocked, id=9820, stack(0x000000001e300000,0x000000001e400000)]
  0x000000001bb9a800 JavaThread "File lock request listener" [_thread_in_native, id=15324, stack(0x000000001e200000,0x000000001e300000)]
  0x000000001bf54800 JavaThread "Cache worker for file hash cache (C:\Users\leeyo\.gradle\caches\5.4.1\fileHashes)" [_thread_blocked, id=3448, stack(0x000000001df00000,0x000000001e000000)]
  0x000000001bf52000 JavaThread "Thread-9" [_thread_blocked, id=14524, stack(0x000000001ce30000,0x000000001cf30000)]
  0x000000001bf46000 JavaThread "Stdin handler" [_thread_blocked, id=9524, stack(0x000000001cd30000,0x000000001ce30000)]
  0x000000001bf57800 JavaThread "Asynchronous log dispatcher for DefaultDaemonConnection: socket connection from /127.0.0.1:62744 to /127.0.0.1:62745" [_thread_blocked, id=15432, stack(0x000000001cc30000,0x000000001cd30000)]
  0x000000001bf5f800 JavaThread "Daemon worker" [_thread_in_vm, id=12756, stack(0x000000001cb30000,0x000000001cc30000)]
  0x000000001bece000 JavaThread "Cancel handler" [_thread_blocked, id=12396, stack(0x000000001ca30000,0x000000001cb30000)]
  0x000000001a8a8800 JavaThread "Handler for socket connection from /127.0.0.1:62744 to /127.0.0.1:62745" [_thread_in_native, id=9256, stack(0x000000001c730000,0x000000001c830000)]
  0x000000001a8a4000 JavaThread "Daemon" [_thread_blocked, id=1064, stack(0x000000001c630000,0x000000001c730000)]
  0x000000001ab48800 JavaThread "Daemon periodic checks" [_thread_blocked, id=9100, stack(0x000000001c530000,0x000000001c630000)]
  0x000000001ab47000 JavaThread "Incoming local TCP Connector on port 62744" [_thread_in_native, id=4716, stack(0x000000001c350000,0x000000001c450000)]
  0x000000001bf7c000 JavaThread "Daemon health stats" [_thread_blocked, id=1956, stack(0x000000001c050000,0x000000001c150000)]
  0x0000000019aee000 JavaThread "Service Thread" daemon [_thread_blocked, id=9576, stack(0x000000001a680000,0x000000001a780000)]
  0x0000000019a8e000 JavaThread "C1 CompilerThread3" daemon [_thread_in_native, id=18272, stack(0x000000001a580000,0x000000001a680000)]
=>0x0000000019a8a000 JavaThread "C2 CompilerThread2" daemon [_thread_in_native, id=21268, stack(0x000000001a480000,0x000000001a580000)]
  0x0000000019a82000 JavaThread "C2 CompilerThread1" daemon [_thread_blocked, id=17012, stack(0x000000001a380000,0x000000001a480000)]
  0x0000000017c39800 JavaThread "C2 CompilerThread0" daemon [_thread_blocked, id=7268, stack(0x000000001a280000,0x000000001a380000)]
  0x0000000019a80000 JavaThread "Attach Listener" daemon [_thread_blocked, id=14988, stack(0x000000001a180000,0x000000001a280000)]
  0x0000000019a2d000 JavaThread "Signal Dispatcher" daemon [_thread_blocked, id=10280, stack(0x000000001a080000,0x000000001a180000)]
  0x0000000002cae000 JavaThread "Finalizer" daemon [_thread_blocked, id=3112, stack(0x0000000019ef0000,0x0000000019ff0000)]
  0x0000000017c2c800 JavaThread "Reference Handler" daemon [_thread_blocked, id=18336, stack(0x0000000019df0000,0x0000000019ef0000)]
  0x0000000002bae800 JavaThread "main" [_thread_blocked, id=14260, stack(0x0000000002a20000,0x0000000002b20000)]

Other Threads:
  0x0000000017c28000 VMThread [stack: 0x00000000198f0000,0x00000000199f0000] [id=4752]
  0x0000000019aef000 WatcherThread [stack: 0x000000001a780000,0x000000001a880000] [id=2996]

VM state:not at safepoint (normal execution)

VM Mutex/Monitor currently owned by a thread: None

heap address: 0x0000000081c00000, size: 2020 MB, Compressed Oops mode: 32-bit
Narrow klass base: 0x0000000000000000, Narrow klass shift: 3
Compressed class space size: 1073741824 Address: 0x0000000100000000

Heap:
 PSYoungGen      total 77312K, used 12353K [0x00000000d5f00000, 0x00000000db500000, 0x0000000100000000)
  eden space 66560K, 18% used [0x00000000d5f00000,0x00000000d6b10458,0x00000000da000000)
  from space 10752K, 0% used [0x00000000da000000,0x00000000da000000,0x00000000daa80000)
  to   space 10752K, 0% used [0x00000000daa80000,0x00000000daa80000,0x00000000db500000)
 ParOldGen       total 60416K, used 18368K [0x0000000081c00000, 0x0000000085700000, 0x00000000d5f00000)
  object space 60416K, 30% used [0x0000000081c00000,0x0000000082df01e8,0x0000000085700000)
 Metaspace       used 35204K, capacity 36036K, committed 36392K, reserved 1081344K
  class space    used 4866K, capacity 5072K, committed 5160K, reserved 1048576K

Card table byte_map: [0x0000000012070000,0x0000000012470000] byte_map_base: 0x0000000011c62000

Marking Bits: (ParMarkBitMap*) 0x00000000507f9f30
 Begin Bits: [0x0000000012f20000, 0x0000000014eb0000)
 End Bits:   [0x0000000014eb0000, 0x0000000016e40000)

Polling page: 0x0000000002600000

CodeCache: size=245760Kb used=10703Kb max_used=10710Kb free=235056Kb
 bounds [0x0000000002cb0000, 0x0000000003730000, 0x0000000011cb0000]
 total_blobs=3674 nmethods=2974 adapters=612
 compilation: enabled

Compilation events (10 events):
Event: 8.534 Thread 0x0000000019a8e000 3187       3       org.gradle.api.internal.attributes.DefaultImmutableAttributes::keySet (5 bytes)
Event: 8.534 Thread 0x0000000019a8e000 nmethod 3187 0x0000000003726590 code [0x0000000003726700, 0x00000000037269e8]
Event: 8.534 Thread 0x0000000019a8e000 3189       3       java.util.Collections::singletonList (9 bytes)
Event: 8.535 Thread 0x0000000019a8e000 nmethod 3189 0x0000000003726ad0 code [0x0000000003726c40, 0x0000000003726f50]
Event: 8.535 Thread 0x0000000019a8e000 3190       3       java.util.Collections$SingletonList::<init> (10 bytes)
Event: 8.535 Thread 0x0000000019a8e000 nmethod 3190 0x00000000037270d0 code [0x0000000003727240, 0x00000000037274d0]
Event: 8.537 Thread 0x0000000019a8e000 3192       3       jdk.internal.org.objectweb.asm.MethodVisitor::<init> (35 bytes)
Event: 8.538 Thread 0x0000000019a8e000 nmethod 3192 0x0000000003727610 code [0x0000000003727780, 0x0000000003727a88]
Event: 8.538 Thread 0x0000000019a8e000 3193       3       java.lang.invoke.MethodType::basicType (8 bytes)
Event: 8.538 Thread 0x0000000019a8e000 nmethod 3193 0x0000000003727b90 code [0x0000000003727ce0, 0x0000000003727ed0]

GC Heap History (10 events):
Event: 5.492 GC heap before
{Heap before GC invocations=7 (full 1):
 PSYoungGen      total 77312K, used 7459K [0x00000000d5f00000, 0x00000000db500000, 0x0000000100000000)
  eden space 66560K, 0% used [0x00000000d5f00000,0x00000000d5f00000,0x00000000da000000)
  from space 10752K, 69% used [0x00000000daa80000,0x00000000db1c8d38,0x00000000db500000)
  to   space 10752K, 0% used [0x00000000da000000,0x00000000da000000,0x00000000daa80000)
 ParOldGen       total 87552K, used 9550K [0x0000000081c00000, 0x0000000087180000, 0x00000000d5f00000)
  object space 87552K, 10% used [0x0000000081c00000,0x00000000825538c8,0x0000000087180000)
 Metaspace       used 20678K, capacity 21176K, committed 21296K, reserved 1067008K
  class space    used 2968K, capacity 3127K, committed 3200K, reserved 1048576K
Event: 5.535 GC heap after
Heap after GC invocations=7 (full 1):
 PSYoungGen      total 77312K, used 0K [0x00000000d5f00000, 0x00000000db500000, 0x0000000100000000)
  eden space 66560K, 0% used [0x00000000d5f00000,0x00000000d5f00000,0x00000000da000000)
  from space 10752K, 0% used [0x00000000daa80000,0x00000000daa80000,0x00000000db500000)
  to   space 10752K, 0% used [0x00000000da000000,0x00000000da000000,0x00000000daa80000)
 ParOldGen       total 60416K, used 11654K [0x0000000081c00000, 0x0000000085700000, 0x00000000d5f00000)
  object space 60416K, 19% used [0x0000000081c00000,0x0000000082761ad0,0x0000000085700000)
 Metaspace       used 20678K, capacity 21176K, committed 21296K, reserved 1067008K
  class space    used 2968K, capacity 3127K, committed 3200K, reserved 1048576K
}
Event: 6.463 GC heap before
{Heap before GC invocations=8 (full 1):
 PSYoungGen      total 77312K, used 66560K [0x00000000d5f00000, 0x00000000db500000, 0x0000000100000000)
  eden space 66560K, 100% used [0x00000000d5f00000,0x00000000da000000,0x00000000da000000)
  from space 10752K, 0% used [0x00000000daa80000,0x00000000daa80000,0x00000000db500000)
  to   space 10752K, 0% used [0x00000000da000000,0x00000000da000000,0x00000000daa80000)
 ParOldGen       total 60416K, used 11654K [0x0000000081c00000, 0x0000000085700000, 0x00000000d5f00000)
  object space 60416K, 19% used [0x0000000081c00000,0x0000000082761ad0,0x0000000085700000)
 Metaspace       used 28318K, capacity 28928K, committed 29184K, reserved 1075200K
  class space    used 3907K, capacity 4065K, committed 4096K, reserved 1048576K
Event: 6.472 GC heap after
Heap after GC invocations=8 (full 1):
 PSYoungGen      total 77312K, used 7587K [0x00000000d5f00000, 0x00000000db500000, 0x0000000100000000)
  eden space 66560K, 0% used [0x00000000d5f00000,0x00000000d5f00000,0x00000000da000000)
  from space 10752K, 70% used [0x00000000da000000,0x00000000da768ca0,0x00000000daa80000)
  to   space 10752K, 0% used [0x00000000daa80000,0x00000000daa80000,0x00000000db500000)
 ParOldGen       total 60416K, used 11662K [0x0000000081c00000, 0x0000000085700000, 0x00000000d5f00000)
  object space 60416K, 19% used [0x0000000081c00000,0x0000000082763ad0,0x0000000085700000)
 Metaspace       used 28318K, capacity 28928K, committed 29184K, reserved 1075200K
  class space    used 3907K, capacity 4065K, committed 4096K, reserved 1048576K
}
Event: 7.273 GC heap before
{Heap before GC invocations=9 (full 1):
 PSYoungGen      total 77312K, used 74147K [0x00000000d5f00000, 0x00000000db500000, 0x0000000100000000)
  eden space 66560K, 100% used [0x00000000d5f00000,0x00000000da000000,0x00000000da000000)
  from space 10752K, 70% used [0x00000000da000000,0x00000000da768ca0,0x00000000daa80000)
  to   space 10752K, 0% used [0x00000000daa80000,0x00000000daa80000,0x00000000db500000)
 ParOldGen       total 60416K, used 11662K [0x0000000081c00000, 0x0000000085700000, 0x00000000d5f00000)
  object space 60416K, 19% used [0x0000000081c00000,0x0000000082763ad0,0x0000000085700000)
 Metaspace       used 32547K, capacity 33306K, committed 33408K, reserved 1077248K
  class space    used 4450K, capacity 4684K, committed 4736K, reserved 1048576K
Event: 7.284 GC heap after
Heap after GC invocations=9 (full 1):
 PSYoungGen      total 77312K, used 9534K [0x00000000d5f00000, 0x00000000db500000, 0x0000000100000000)
  eden space 66560K, 0% used [0x00000000d5f00000,0x00000000d5f00000,0x00000000da000000)
  from space 10752K, 88% used [0x00000000daa80000,0x00000000db3cf8e8,0x00000000db500000)
  to   space 10752K, 0% used [0x00000000da000000,0x00000000da000000,0x00000000daa80000)
 ParOldGen       total 60416K, used 11670K [0x0000000081c00000, 0x0000000085700000, 0x00000000d5f00000)
  object space 60416K, 19% used [0x0000000081c00000,0x0000000082765ad0,0x0000000085700000)
 Metaspace       used 32547K, capacity 33306K, committed 33408K, reserved 1077248K
  class space    used 4450K, capacity 4684K, committed 4736K, reserved 1048576K
}
Event: 7.987 GC heap before
{Heap before GC invocations=10 (full 1):
 PSYoungGen      total 77312K, used 58378K [0x00000000d5f00000, 0x00000000db500000, 0x0000000100000000)
  eden space 66560K, 73% used [0x00000000d5f00000,0x00000000d8eb3028,0x00000000da000000)
  from space 10752K, 88% used [0x00000000daa80000,0x00000000db3cf8e8,0x00000000db500000)
  to   space 10752K, 0% used [0x00000000da000000,0x00000000da000000,0x00000000daa80000)
 ParOldGen       total 60416K, used 11670K [0x0000000081c00000, 0x0000000085700000, 0x00000000d5f00000)
  object space 60416K, 19% used [0x0000000081c00000,0x0000000082765ad0,0x0000000085700000)
 Metaspace       used 34623K, capacity 35390K, committed 35496K, reserved 1079296K
  class space    used 4794K, capacity 4993K, committed 5032K, reserved 1048576K
Event: 8.006 GC heap after
Heap after GC invocations=10 (full 1):
 PSYoungGen      total 77312K, used 10720K [0x00000000d5f00000, 0x00000000db500000, 0x0000000100000000)
  eden space 66560K, 0% used [0x00000000d5f00000,0x00000000d5f00000,0x00000000da000000)
  from space 10752K, 99% used [0x00000000da000000,0x00000000daa78110,0x00000000daa80000)
  to   space 10752K, 0% used [0x00000000daa80000,0x00000000daa80000,0x00000000db500000)
 ParOldGen       total 60416K, used 11738K [0x0000000081c00000, 0x0000000085700000, 0x00000000d5f00000)
  object space 60416K, 19% used [0x0000000081c00000,0x0000000082776b20,0x0000000085700000)
 Metaspace       used 34623K, capacity 35390K, committed 35496K, reserved 1079296K
  class space    used 4794K, capacity 4993K, committed 5032K, reserved 1048576K
}
Event: 8.006 GC heap before
{Heap before GC invocations=11 (full 2):
 PSYoungGen      total 77312K, used 10720K [0x00000000d5f00000, 0x00000000db500000, 0x0000000100000000)
  eden space 66560K, 0% used [0x00000000d5f00000,0x00000000d5f00000,0x00000000da000000)
  from space 10752K, 99% used [0x00000000da000000,0x00000000daa78110,0x00000000daa80000)
  to   space 10752K, 0% used [0x00000000daa80000,0x00000000daa80000,0x00000000db500000)
 ParOldGen       total 60416K, used 11738K [0x0000000081c00000, 0x0000000085700000, 0x00000000d5f00000)
  object space 60416K, 19% used [0x0000000081c00000,0x0000000082776b20,0x0000000085700000)
 Metaspace       used 34623K, capacity 35390K, committed 35496K, reserved 1079296K
  class space    used 4794K, capacity 4993K, committed 5032K, reserved 1048576K
Event: 8.131 GC heap after
Heap after GC invocations=11 (full 2):
 PSYoungGen      total 77312K, used 0K [0x00000000d5f00000, 0x00000000db500000, 0x0000000100000000)
  eden space 66560K, 0% used [0x00000000d5f00000,0x00000000d5f00000,0x00000000da000000)
  from space 10752K, 0% used [0x00000000da000000,0x00000000da000000,0x00000000daa80000)
  to   space 10752K, 0% used [0x00000000daa80000,0x00000000daa80000,0x00000000db500000)
 ParOldGen       total 60416K, used 18368K [0x0000000081c00000, 0x0000000085700000, 0x00000000d5f00000)
  object space 60416K, 30% used [0x0000000081c00000,0x0000000082df01e8,0x0000000085700000)
 Metaspace       used 34623K, capacity 35390K, committed 35496K, reserved 1079296K
  class space    used 4794K, capacity 4993K, committed 5032K, reserved 1048576K
}

Deoptimization events (10 events):
Event: 7.490 Thread 0x000000001bf5f800 Uncommon trap: reason=unstable_if action=reinterpret pc=0x000000000329f8a4 method=java.net.URLStreamHandler.sameFile(Ljava/net/URL;Ljava/net/URL;)Z @ 63
Event: 7.492 Thread 0x000000001bf5f800 Uncommon trap: reason=unstable_if action=reinterpret pc=0x00000000035c8280 method=org.objectweb.asm.Type.appendDescriptor(Ljava/lang/Class;Ljava/lang/StringBuilder;)V @ 28
Event: 7.530 Thread 0x000000001bf5f800 Uncommon trap: reason=unstable_if action=reinterpret pc=0x00000000035eae14 method=java.lang.ClassLoader.checkCerts(Ljava/lang/String;Ljava/security/CodeSource;)V @ 29
Event: 7.561 Thread 0x000000001bf5f800 Uncommon trap: reason=unstable_if action=reinterpret pc=0x0000000003505c10 method=org.gradle.internal.reflect.PropertyAccessorType.isGetGetterName(Ljava/lang/String;)Z @ 14
Event: 7.763 Thread 0x000000001bf5f800 Uncommon trap: reason=range_check action=make_not_entrant pc=0x00000000035bf024 method=java.lang.String.charAt(I)C @ 27
Event: 7.779 Thread 0x000000001bf5f800 Uncommon trap: reason=unstable_if action=reinterpret pc=0x000000000357cd78 method=java.util.regex.Pattern$CharProperty.match(Ljava/util/regex/Matcher;ILjava/lang/CharSequence;)Z @ 40
Event: 7.829 Thread 0x000000001bf5f800 Uncommon trap: reason=unstable_if action=reinterpret pc=0x0000000002dc2b20 method=java.net.URI.match(CJJ)Z @ 45
Event: 8.514 Thread 0x000000001bf5f800 Uncommon trap: reason=speculate_class_check action=maybe_recompile pc=0x00000000036fe268 method=com.google.common.collect.AbstractIndexedListIterator.next()Ljava/lang/Object; @ 27
Event: 8.514 Thread 0x000000001bf5f800 Uncommon trap: reason=speculate_class_check action=maybe_recompile pc=0x00000000036fe268 method=com.google.common.collect.AbstractIndexedListIterator.next()Ljava/lang/Object; @ 27
Event: 8.515 Thread 0x000000001bf5f800 Uncommon trap: reason=speculate_class_check action=maybe_recompile pc=0x00000000036fe268 method=com.google.common.collect.AbstractIndexedListIterator.next()Ljava/lang/Object; @ 27

Classes redefined (0 events):
No events

Internal exceptions (10 events):
Event: 7.822 Thread 0x000000001bf5f800 Exception <a 'java/security/PrivilegedActionException'> (0x00000000d8495190) thrown at [D:\src\AOSP-openjdk-cygwin\jdk8u\hotspot\src\share\vm\prims\jvm.cpp, line 1508]
Event: 7.822 Thread 0x000000001bf5f800 Exception <a 'java/security/PrivilegedActionException'> (0x00000000d8495f10) thrown at [D:\src\AOSP-openjdk-cygwin\jdk8u\hotspot\src\share\vm\prims\jvm.cpp, line 1508]
Event: 7.823 Thread 0x000000001bf5f800 Exception <a 'java/lang/ClassNotFoundException': org/codehaus/groovy/runtime/GStringImplBeanInfo> (0x00000000d84a16a0) thrown at [D:\src\AOSP-openjdk-cygwin\jdk8u\hotspot\src\share\vm\classfile\systemDictionary.cpp, line 210]
Event: 7.824 Thread 0x000000001bf5f800 Exception <a 'java/security/PrivilegedActionException'> (0x00000000d84ab1a8) thrown at [D:\src\AOSP-openjdk-cygwin\jdk8u\hotspot\src\share\vm\prims\jvm.cpp, line 1508]
Event: 7.824 Thread 0x000000001bf5f800 Exception <a 'java/security/PrivilegedActionException'> (0x00000000d84abf28) thrown at [D:\src\AOSP-openjdk-cygwin\jdk8u\hotspot\src\share\vm\prims\jvm.cpp, line 1508]
Event: 7.824 Thread 0x000000001bf5f800 Exception <a 'java/security/PrivilegedActionException'> (0x00000000d84bad00) thrown at [D:\src\AOSP-openjdk-cygwin\jdk8u\hotspot\src\share\vm\prims\jvm.cpp, line 1508]
Event: 7.824 Thread 0x000000001bf5f800 Exception <a 'java/security/PrivilegedActionException'> (0x00000000d84bba80) thrown at [D:\src\AOSP-openjdk-cygwin\jdk8u\hotspot\src\share\vm\prims\jvm.cpp, line 1508]
Event: 7.825 Thread 0x000000001bf5f800 Exception <a 'java/security/PrivilegedActionException'> (0x00000000d84c8c18) thrown at [D:\src\AOSP-openjdk-cygwin\jdk8u\hotspot\src\share\vm\prims\jvm.cpp, line 1508]
Event: 7.825 Thread 0x000000001bf5f800 Exception <a 'java/security/PrivilegedActionException'> (0x00000000d84c9998) thrown at [D:\src\AOSP-openjdk-cygwin\jdk8u\hotspot\src\share\vm\prims\jvm.cpp, line 1508]
Event: 7.825 Thread 0x000000001bf5f800 Exception <a 'java/lang/ClassNotFoundException': org/codehaus/groovy/runtime/GStringImplCustomizer> (0x00000000d84d53e8) thrown at [D:\src\AOSP-openjdk-cygwin\jdk8u\hotspot\src\share\vm\classfile\systemDictionary.cpp, line 210]

Events (10 events):
Event: 8.540 loading class org/gradle/internal/Describables$ThreePartDescribable
Event: 8.540 loading class org/gradle/internal/Describables$ThreePartDescribable done
Event: 8.540 loading class org/gradle/api/internal/artifacts/ivyservice/resolveengine/artifact/DefaultArtifactSet
Event: 8.540 loading class org/gradle/api/internal/artifacts/ivyservice/resolveengine/artifact/DefaultArtifactSet done
Event: 8.541 loading class org/gradle/api/internal/artifacts/ivyservice/resolveengine/artifact/ResolvableArtifact
Event: 8.541 loading class org/gradle/api/internal/artifacts/ivyservice/resolveengine/artifact/ResolvableArtifact done
Event: 8.542 loading class org/gradle/api/internal/artifacts/ivyservice/resolveengine/artifact/DefaultArtifactSet$LazyArtifactSource
Event: 8.542 loading class org/gradle/api/internal/artifacts/ivyservice/resolveengine/artifact/DefaultArtifactSet$LazyArtifactSource done
Event: 8.542 loading class org/gradle/internal/resolve/result/BuildableArtifactResolveResult
Event: 8.542 loading class org/gradle/internal/resolve/result/BuildableArtifactResolveResult done


Dynamic libraries:
0x00007ff709950000 - 0x00007ff709981000 	C:\Program Files\Android\Android Studio\jre\bin\java.exe
0x00007ffe2b940000 - 0x00007ffe2bb30000 	C:\WINDOWS\SYSTEM32\ntdll.dll
0x00007ffe2ad40000 - 0x00007ffe2adf2000 	C:\WINDOWS\System32\KERNEL32.DLL
0x00007ffe28a20000 - 0x00007ffe28cc3000 	C:\WINDOWS\System32\KERNELBASE.dll
0x00007ffe2b120000 - 0x00007ffe2b1c3000 	C:\WINDOWS\System32\ADVAPI32.dll
0x00007ffe2b080000 - 0x00007ffe2b11e000 	C:\WINDOWS\System32\msvcrt.dll
0x00007ffe2aaf0000 - 0x00007ffe2ab87000 	C:\WINDOWS\System32\sechost.dll
0x00007ffe29fa0000 - 0x00007ffe2a0c0000 	C:\WINDOWS\System32\RPCRT4.dll
0x00007ffe299f0000 - 0x00007ffe29b84000 	C:\WINDOWS\System32\USER32.dll
0x00007ffe288f0000 - 0x00007ffe28911000 	C:\WINDOWS\System32\win32u.dll
0x00007ffe2aed0000 - 0x00007ffe2aef6000 	C:\WINDOWS\System32\GDI32.dll
0x00007ffe29650000 - 0x00007ffe297e4000 	C:\WINDOWS\System32\gdi32full.dll
0x00007ffe29550000 - 0x00007ffe295ee000 	C:\WINDOWS\System32\msvcp_win.dll
0x00007ffe29450000 - 0x00007ffe2954a000 	C:\WINDOWS\System32\ucrtbase.dll
0x00007ffe174a0000 - 0x00007ffe17725000 	C:\WINDOWS\WinSxS\amd64_microsoft.windows.common-controls_6595b64144ccf1df_6.0.18362.592_none_e6c0b1911312be02\COMCTL32.dll
0x00007ffe29c00000 - 0x00007ffe29f36000 	C:\WINDOWS\System32\combase.dll
0x00007ffe289a0000 - 0x00007ffe28a20000 	C:\WINDOWS\System32\bcryptPrimitives.dll
0x00007ffe2a3b0000 - 0x00007ffe2a3de000 	C:\WINDOWS\System32\IMM32.DLL
0x0000000077f20000 - 0x0000000077ff2000 	C:\Program Files\Android\Android Studio\jre\jre\bin\msvcr100.dll
0x0000000050030000 - 0x0000000050876000 	C:\Program Files\Android\Android Studio\jre\jre\bin\server\jvm.dll
0x00007ffe2b640000 - 0x00007ffe2b648000 	C:\WINDOWS\System32\PSAPI.DLL
0x00007ffe162f0000 - 0x00007ffe162f9000 	C:\WINDOWS\SYSTEM32\WSOCK32.dll
0x00007ffe2b890000 - 0x00007ffe2b8ff000 	C:\WINDOWS\System32\WS2_32.dll
0x00007ffe1d620000 - 0x00007ffe1d62a000 	C:\WINDOWS\SYSTEM32\VERSION.dll
0x00007ffe26590000 - 0x00007ffe265b4000 	C:\WINDOWS\SYSTEM32\WINMM.dll
0x00007ffe26110000 - 0x00007ffe2613d000 	C:\WINDOWS\SYSTEM32\winmmbase.dll
0x00007ffe28920000 - 0x00007ffe2896a000 	C:\WINDOWS\System32\cfgmgr32.dll
0x00007ffe1f450000 - 0x00007ffe1f45f000 	C:\Program Files\Android\Android Studio\jre\jre\bin\verify.dll
0x00007ffe0dee0000 - 0x00007ffe0df09000 	C:\Program Files\Android\Android Studio\jre\jre\bin\java.dll
0x00007ffe16820000 - 0x00007ffe16836000 	C:\Program Files\Android\Android Studio\jre\jre\bin\zip.dll
0x00007ffe2a400000 - 0x00007ffe2aae5000 	C:\WINDOWS\System32\SHELL32.dll
0x00007ffe2af00000 - 0x00007ffe2afa9000 	C:\WINDOWS\System32\shcore.dll
0x00007ffe28cd0000 - 0x00007ffe2944f000 	C:\WINDOWS\System32\windows.storage.dll
0x00007ffe28840000 - 0x00007ffe2885f000 	C:\WINDOWS\System32\profapi.dll
0x00007ffe28880000 - 0x00007ffe288ca000 	C:\WINDOWS\System32\powrprof.dll
0x00007ffe28810000 - 0x00007ffe28820000 	C:\WINDOWS\System32\UMPDC.dll
0x00007ffe2a2d0000 - 0x00007ffe2a322000 	C:\WINDOWS\System32\shlwapi.dll
0x00007ffe28820000 - 0x00007ffe28831000 	C:\WINDOWS\System32\kernel.appcore.dll
0x00007ffe288d0000 - 0x00007ffe288e7000 	C:\WINDOWS\System32\cryptsp.dll
0x00007ffe10170000 - 0x00007ffe1018a000 	C:\Program Files\Android\Android Studio\jre\jre\bin\net.dll
0x00007ffe28080000 - 0x00007ffe280e7000 	C:\WINDOWS\system32\mswsock.dll
0x00007ffe0dec0000 - 0x00007ffe0ded1000 	C:\Program Files\Android\Android Studio\jre\jre\bin\nio.dll
0x00007ffdfc000000 - 0x00007ffdfc026000 	C:\Users\leeyo\.gradle\native\29\windows-amd64\native-platform.dll
0x00007ffe199e0000 - 0x00007ffe199ed000 	C:\Program Files\Android\Android Studio\jre\jre\bin\management.dll
0x00007ffe27bf0000 - 0x00007ffe27c23000 	C:\WINDOWS\system32\rsaenh.dll
0x00007ffe28970000 - 0x00007ffe28996000 	C:\WINDOWS\System32\bcrypt.dll
0x00007ffe28730000 - 0x00007ffe28755000 	C:\WINDOWS\SYSTEM32\USERENV.dll
0x00007ffe28250000 - 0x00007ffe2825c000 	C:\WINDOWS\SYSTEM32\CRYPTBASE.dll
0x00007ffe27d90000 - 0x00007ffe27dca000 	C:\WINDOWS\SYSTEM32\IPHLPAPI.DLL
0x00007ffe2a3f0000 - 0x00007ffe2a3f8000 	C:\WINDOWS\System32\NSI.dll
0x00007ffe1aa50000 - 0x00007ffe1aa66000 	C:\WINDOWS\SYSTEM32\dhcpcsvc6.DLL
0x00007ffe1b170000 - 0x00007ffe1b18c000 	C:\WINDOWS\SYSTEM32\dhcpcsvc.DLL
0x00007ffe27dd0000 - 0x00007ffe27e9a000 	C:\WINDOWS\SYSTEM32\DNSAPI.dll

VM Arguments:
jvm_args: -XX:MaxMetaspaceSize=512m -Dfile.encoding=x-windows-949 -Duser.country=KR -Duser.language=ko -Duser.variant 
java_command: org.gradle.launcher.daemon.bootstrap.GradleDaemon 5.4.1
java_class_path (initial): C:\Users\leeyo\.gradle\wrapper\dists\gradle-5.4.1-all\3221gyojl5jsh0helicew7rwx\gradle-5.4.1\lib\gradle-launcher-5.4.1.jar
Launcher Type: SUN_STANDARD

Environment Variables:
JAVA_HOME=C:\Program Files (x86)\Java\jdk1.8.0_181
PATH=C:\app\admin\product\11.2.0\dbhome_1\bin;C:\Program Files (x86)\Common Files\Oracle\Java\javapath;C:\Program Files\Microsoft MPI\Bin\;C:\WINDOWS\system32;C:\WINDOWS;C:\WINDOWS\System32\Wbem;C:\WINDOWS\System32\WindowsPowerShell\v1.0\;C:\WINDOWS\System32\OpenSSH\;C:\Program Files\dotnet\;C:\Program Files\Microsoft SQL Server\130\Tools\Binn\;C:\Program Files\nodejs\;C:\Program Files\Intel\WiFi\bin\;C:\Program Files\Common Files\Intel\WirelessCommon\;C:\Program Files (x86)\Yarn\bin\;C:\Program Files\MySQL\MySQL Server 8.0\bin\;C:\Program Files\Git\cmd;C:\Users\leeyo\AppData\Local\Microsoft\WindowsApps;C:\Users\leeyo\AppData\Roaming\npm;C:\Users\leeyo\AppData\Local\Programs\Microsoft VS Code\bin;C:\Users\leeyo\AppData\Local\GitHubDesktop\bin;C:\Users\leeyo\AppData\Local\Yarn\bin;C:\Bitnami\wampstack-7.1.27-0\mysql\bin;;%USERPROFILE%\AppData\Local\Microsoft\WindowsApps
USERNAME=admin
OS=Windows_NT
PROCESSOR_IDENTIFIER=Intel64 Family 6 Model 142 Stepping 10, GenuineIntel



---------------  S Y S T E M  ---------------

OS: Windows 10.0 , 64 bit Build 18362 (10.0.18362.329)

CPU:total 8 (initial active 8) (4 cores per cpu, 2 threads per core) family 6 model 142 stepping 10, cmov, cx8, fxsr, mmx, sse, sse2, sse3, ssse3, sse4.1, sse4.2, popcnt, avx, avx2, aes, clmul, erms, 3dnowpref, lzcnt, ht, tsc, tscinvbit, bmi1, bmi2, adx

Memory: 4k page, physical 8272524k(628228k free), swap 33438348k(6464k free)

vm_info: OpenJDK 64-Bit Server VM (25.202-b03) for windows-amd64 JRE (1.8.0_202-release-1483-b03), built by "builder" with MS VC++ 10.0 (VS2010)

time: Wed Feb 05 21:11:54 2020
timezone: 대한민국 표준시
elapsed time: 8 seconds (0d 0h 0m 8s)

